2019-01-18T09:20:14+00:00 CRITICAL Uncaught Error: Class 'Thachpham_Widget' not found in /var/www/wordpress/wp-includes/class-wp-widget-factory.php:100
Stack trace:
#0 /var/www/wordpress/wp-includes/widgets.php(115): WP_Widget_Factory->register('Thachpham_Widge...')
#1 /var/www/wordpress/wp-content/themes/innova/functions.php(300): register_widget('Thachpham_Widge...')
#2 /var/www/wordpress/wp-includes/class-wp-hook.php(286): create_thachpham_widget('')
#3 /var/www/wordpress/wp-includes/class-wp-hook.php(310): WP_Hook->apply_filters(NULL, Array)
#4 /var/www/wordpress/wp-includes/plugin.php(453): WP_Hook->do_action(Array)
#5 /var/www/wordpress/wp-includes/widgets.php(1648): do_action('widgets_init')
#6 /var/www/wordpress/wp-includes/class-wp-hook.php(286): wp_widgets_init('')
#7 /var/www/wordpress/wp-includes/class-wp-hook.php(310): WP_Hook->apply_filters(NULL, Array)
#8 /var/www/wordpress/wp-includes/plugin.php(453): WP_Hook->do_action(Array)
#9 /var/www/wordpress/wp-settings.php(450): do_action('init')
#10 /var/www/wordpress/wp-config.php(96)

2019-01-18T09:22:15+00:00 CRITICAL Uncaught Error: Class 'Thachpham_Widget' not found in /var/www/wordpress/wp-includes/class-wp-widget-factory.php:100
Stack trace:
#0 /var/www/wordpress/wp-includes/widgets.php(115): WP_Widget_Factory->register('Thachpham_Widge...')
#1 /var/www/wordpress/wp-content/themes/innova/functions.php(300): register_widget('Thachpham_Widge...')
#2 /var/www/wordpress/wp-includes/class-wp-hook.php(286): create_thachpham_widget('')
#3 /var/www/wordpress/wp-includes/class-wp-hook.php(310): WP_Hook->apply_filters(NULL, Array)
#4 /var/www/wordpress/wp-includes/plugin.php(453): WP_Hook->do_action(Array)
#5 /var/www/wordpress/wp-includes/widgets.php(1648): do_action('widgets_init')
#6 /var/www/wordpress/wp-includes/class-wp-hook.php(286): wp_widgets_init('')
#7 /var/www/wordpress/wp-includes/class-wp-hook.php(310): WP_Hook->apply_filters(NULL, Array)
#8 /var/www/wordpress/wp-includes/plugin.php(453): WP_Hook->do_action(Array)
#9 /var/www/wordpress/wp-settings.php(450): do_action('init')
#10 /var/www/wordpress/wp-config.php(96)

2019-01-18T09:23:15+00:00 CRITICAL Uncaught Error: Class 'Thachpham_Widget' not found in /var/www/wordpress/wp-includes/class-wp-widget-factory.php:100
Stack trace:
#0 /var/www/wordpress/wp-includes/widgets.php(115): WP_Widget_Factory->register('Thachpham_Widge...')
#1 /var/www/wordpress/wp-content/themes/innova/functions.php(300): register_widget('Thachpham_Widge...')
#2 /var/www/wordpress/wp-includes/class-wp-hook.php(286): create_thachpham_widget('')
#3 /var/www/wordpress/wp-includes/class-wp-hook.php(310): WP_Hook->apply_filters(NULL, Array)
#4 /var/www/wordpress/wp-includes/plugin.php(453): WP_Hook->do_action(Array)
#5 /var/www/wordpress/wp-includes/widgets.php(1648): do_action('widgets_init')
#6 /var/www/wordpress/wp-includes/class-wp-hook.php(286): wp_widgets_init('')
#7 /var/www/wordpress/wp-includes/class-wp-hook.php(310): WP_Hook->apply_filters(NULL, Array)
#8 /var/www/wordpress/wp-includes/plugin.php(453): WP_Hook->do_action(Array)
#9 /var/www/wordpress/wp-settings.php(450): do_action('init')
#10 /var/www/wordpress/wp-config.php(96)

2019-01-18T09:25:15+00:00 CRITICAL Uncaught Error: Class 'Thachpham_Widget' not found in /var/www/wordpress/wp-includes/class-wp-widget-factory.php:100
Stack trace:
#0 /var/www/wordpress/wp-includes/widgets.php(115): WP_Widget_Factory->register('Thachpham_Widge...')
#1 /var/www/wordpress/wp-content/themes/innova/functions.php(300): register_widget('Thachpham_Widge...')
#2 /var/www/wordpress/wp-includes/class-wp-hook.php(286): create_thachpham_widget('')
#3 /var/www/wordpress/wp-includes/class-wp-hook.php(310): WP_Hook->apply_filters(NULL, Array)
#4 /var/www/wordpress/wp-includes/plugin.php(453): WP_Hook->do_action(Array)
#5 /var/www/wordpress/wp-includes/widgets.php(1648): do_action('widgets_init')
#6 /var/www/wordpress/wp-includes/class-wp-hook.php(286): wp_widgets_init('')
#7 /var/www/wordpress/wp-includes/class-wp-hook.php(310): WP_Hook->apply_filters(NULL, Array)
#8 /var/www/wordpress/wp-includes/plugin.php(453): WP_Hook->do_action(Array)
#9 /var/www/wordpress/wp-settings.php(450): do_action('init')
#10 /var/www/wordpress/wp-config.php(96)

2019-01-18T09:26:56+00:00 CRITICAL Uncaught Error: Class 'Thachpham_Widget' not found in /var/www/wordpress/wp-includes/class-wp-widget-factory.php:100
Stack trace:
#0 /var/www/wordpress/wp-includes/widgets.php(115): WP_Widget_Factory->register('Thachpham_Widge...')
#1 /var/www/wordpress/wp-content/themes/innova/functions.php(300): register_widget('Thachpham_Widge...')
#2 /var/www/wordpress/wp-includes/class-wp-hook.php(286): create_thachpham_widget('')
#3 /var/www/wordpress/wp-includes/class-wp-hook.php(310): WP_Hook->apply_filters(NULL, Array)
#4 /var/www/wordpress/wp-includes/plugin.php(453): WP_Hook->do_action(Array)
#5 /var/www/wordpress/wp-includes/widgets.php(1648): do_action('widgets_init')
#6 /var/www/wordpress/wp-includes/class-wp-hook.php(286): wp_widgets_init('')
#7 /var/www/wordpress/wp-includes/class-wp-hook.php(310): WP_Hook->apply_filters(NULL, Array)
#8 /var/www/wordpress/wp-includes/plugin.php(453): WP_Hook->do_action(Array)
#9 /var/www/wordpress/wp-settings.php(450): do_action('init')
#10 /var/www/wordpress/wp-config.php(96)

2019-01-18T09:27:56+00:00 CRITICAL Uncaught Error: Class 'Thachpham_Widget' not found in /var/www/wordpress/wp-includes/class-wp-widget-factory.php:100
Stack trace:
#0 /var/www/wordpress/wp-includes/widgets.php(115): WP_Widget_Factory->register('Thachpham_Widge...')
#1 /var/www/wordpress/wp-content/themes/innova/functions.php(300): register_widget('Thachpham_Widge...')
#2 /var/www/wordpress/wp-includes/class-wp-hook.php(286): create_thachpham_widget('')
#3 /var/www/wordpress/wp-includes/class-wp-hook.php(310): WP_Hook->apply_filters(NULL, Array)
#4 /var/www/wordpress/wp-includes/plugin.php(453): WP_Hook->do_action(Array)
#5 /var/www/wordpress/wp-includes/widgets.php(1648): do_action('widgets_init')
#6 /var/www/wordpress/wp-includes/class-wp-hook.php(286): wp_widgets_init('')
#7 /var/www/wordpress/wp-includes/class-wp-hook.php(310): WP_Hook->apply_filters(NULL, Array)
#8 /var/www/wordpress/wp-includes/plugin.php(453): WP_Hook->do_action(Array)
#9 /var/www/wordpress/wp-settings.php(450): do_action('init')
#10 /var/www/wordpress/wp-config.php(96)

2019-01-18T09:28:56+00:00 CRITICAL Uncaught Error: Class 'Thachpham_Widget' not found in /var/www/wordpress/wp-includes/class-wp-widget-factory.php:100
Stack trace:
#0 /var/www/wordpress/wp-includes/widgets.php(115): WP_Widget_Factory->register('Thachpham_Widge...')
#1 /var/www/wordpress/wp-content/themes/innova/functions.php(300): register_widget('Thachpham_Widge...')
#2 /var/www/wordpress/wp-includes/class-wp-hook.php(286): create_thachpham_widget('')
#3 /var/www/wordpress/wp-includes/class-wp-hook.php(310): WP_Hook->apply_filters(NULL, Array)
#4 /var/www/wordpress/wp-includes/plugin.php(453): WP_Hook->do_action(Array)
#5 /var/www/wordpress/wp-includes/widgets.php(1648): do_action('widgets_init')
#6 /var/www/wordpress/wp-includes/class-wp-hook.php(286): wp_widgets_init('')
#7 /var/www/wordpress/wp-includes/class-wp-hook.php(310): WP_Hook->apply_filters(NULL, Array)
#8 /var/www/wordpress/wp-includes/plugin.php(453): WP_Hook->do_action(Array)
#9 /var/www/wordpress/wp-settings.php(450): do_action('init')
#10 /var/www/wordpress/wp-config.php(96)

2019-01-18T09:29:57+00:00 CRITICAL Uncaught Error: Class 'Thachpham_Widget' not found in /var/www/wordpress/wp-includes/class-wp-widget-factory.php:100
Stack trace:
#0 /var/www/wordpress/wp-includes/widgets.php(115): WP_Widget_Factory->register('Thachpham_Widge...')
#1 /var/www/wordpress/wp-content/themes/innova/functions.php(300): register_widget('Thachpham_Widge...')
#2 /var/www/wordpress/wp-includes/class-wp-hook.php(286): create_thachpham_widget('')
#3 /var/www/wordpress/wp-includes/class-wp-hook.php(310): WP_Hook->apply_filters(NULL, Array)
#4 /var/www/wordpress/wp-includes/plugin.php(453): WP_Hook->do_action(Array)
#5 /var/www/wordpress/wp-includes/widgets.php(1648): do_action('widgets_init')
#6 /var/www/wordpress/wp-includes/class-wp-hook.php(286): wp_widgets_init('')
#7 /var/www/wordpress/wp-includes/class-wp-hook.php(310): WP_Hook->apply_filters(NULL, Array)
#8 /var/www/wordpress/wp-includes/plugin.php(453): WP_Hook->do_action(Array)
#9 /var/www/wordpress/wp-settings.php(450): do_action('init')
#10 /var/www/wordpress/wp-config.php(96)

2019-01-18T09:30:57+00:00 CRITICAL Uncaught Error: Class 'Thachpham_Widget' not found in /var/www/wordpress/wp-includes/class-wp-widget-factory.php:100
Stack trace:
#0 /var/www/wordpress/wp-includes/widgets.php(115): WP_Widget_Factory->register('Thachpham_Widge...')
#1 /var/www/wordpress/wp-content/themes/innova/functions.php(300): register_widget('Thachpham_Widge...')
#2 /var/www/wordpress/wp-includes/class-wp-hook.php(286): create_thachpham_widget('')
#3 /var/www/wordpress/wp-includes/class-wp-hook.php(310): WP_Hook->apply_filters(NULL, Array)
#4 /var/www/wordpress/wp-includes/plugin.php(453): WP_Hook->do_action(Array)
#5 /var/www/wordpress/wp-includes/widgets.php(1648): do_action('widgets_init')
#6 /var/www/wordpress/wp-includes/class-wp-hook.php(286): wp_widgets_init('')
#7 /var/www/wordpress/wp-includes/class-wp-hook.php(310): WP_Hook->apply_filters(NULL, Array)
#8 /var/www/wordpress/wp-includes/plugin.php(453): WP_Hook->do_action(Array)
#9 /var/www/wordpress/wp-settings.php(450): do_action('init')
#10 /var/www/wordpress/wp-config.php(96)

2019-01-18T09:32:57+00:00 CRITICAL Uncaught Error: Class 'WC_Widget_Tests' not found in /var/www/wordpress/wp-includes/class-wp-widget-factory.php:100
Stack trace:
#0 /var/www/wordpress/wp-includes/widgets.php(115): WP_Widget_Factory->register('WC_Widget_Tests')
#1 /var/www/wordpress/wp-content/themes/innova/functions.php(300): register_widget('WC_Widget_Tests')
#2 /var/www/wordpress/wp-includes/class-wp-hook.php(286): create_thachpham_widget('')
#3 /var/www/wordpress/wp-includes/class-wp-hook.php(310): WP_Hook->apply_filters(NULL, Array)
#4 /var/www/wordpress/wp-includes/plugin.php(453): WP_Hook->do_action(Array)
#5 /var/www/wordpress/wp-includes/widgets.php(1648): do_action('widgets_init')
#6 /var/www/wordpress/wp-includes/class-wp-hook.php(286): wp_widgets_init('')
#7 /var/www/wordpress/wp-includes/class-wp-hook.php(310): WP_Hook->apply_filters(NULL, Array)
#8 /var/www/wordpress/wp-includes/plugin.php(453): WP_Hook->do_action(Array)
#9 /var/www/wordpress/wp-settings.php(450): do_action('init')
#10 /var/www/wordpress/wp-config.php(96): requi

2019-01-18T09:34:57+00:00 CRITICAL Uncaught Error: Class 'WC_Widget_Tests' not found in /var/www/wordpress/wp-includes/class-wp-widget-factory.php:100
Stack trace:
#0 /var/www/wordpress/wp-includes/widgets.php(115): WP_Widget_Factory->register('WC_Widget_Tests')
#1 /var/www/wordpress/wp-content/themes/innova/functions.php(300): register_widget('WC_Widget_Tests')
#2 /var/www/wordpress/wp-includes/class-wp-hook.php(286): create_thachpham_widget('')
#3 /var/www/wordpress/wp-includes/class-wp-hook.php(310): WP_Hook->apply_filters(NULL, Array)
#4 /var/www/wordpress/wp-includes/plugin.php(453): WP_Hook->do_action(Array)
#5 /var/www/wordpress/wp-includes/widgets.php(1648): do_action('widgets_init')
#6 /var/www/wordpress/wp-includes/class-wp-hook.php(286): wp_widgets_init('')
#7 /var/www/wordpress/wp-includes/class-wp-hook.php(310): WP_Hook->apply_filters(NULL, Array)
#8 /var/www/wordpress/wp-includes/plugin.php(453): WP_Hook->do_action(Array)
#9 /var/www/wordpress/wp-settings.php(450): do_action('init')
#10 /var/www/wordpress/wp-config.php(96): requi

